C:\USERS\USER\DOCUMENTS\VISUAL STUDIO 2010\PROJECTS\IMPERIA\DEBUG\IMPERIA.EXE
C:\USERS\USER\DOCUMENTS\VISUAL STUDIO 2010\PROJECTS\IMPERIA\DEBUG\IMPERIA.ILK
C:\USERS\USER\DOCUMENTS\VISUAL STUDIO 2010\PROJECTS\IMPERIA\DEBUG\IMPERIA.PDB
C:\Users\User\Documents\Visual Studio 2010\Projects\Imperia\Imperia\Debug\cl.command.1.tlog
C:\Users\User\Documents\Visual Studio 2010\Projects\Imperia\Imperia\Debug\CL.read.1.tlog
C:\Users\User\Documents\Visual Studio 2010\Projects\Imperia\Imperia\Debug\CL.write.1.tlog
C:\USERS\USER\DOCUMENTS\VISUAL STUDIO 2010\PROJECTS\IMPERIA\IMPERIA\DEBUG\GAME.OBJ
C:\USERS\USER\DOCUMENTS\VISUAL STUDIO 2010\PROJECTS\IMPERIA\IMPERIA\DEBUG\IMPERIA.EXE.INTERMEDIATE.MANIFEST
C:\Users\User\Documents\Visual Studio 2010\Projects\Imperia\Imperia\Debug\Imperia.vcxprojResolveAssemblyReference.cache
C:\Users\User\Documents\Visual Studio 2010\Projects\Imperia\Imperia\Debug\Imperia.write.1.tlog
C:\Users\User\Documents\Visual Studio 2010\Projects\Imperia\Imperia\Debug\link.command.1.tlog
C:\Users\User\Documents\Visual Studio 2010\Projects\Imperia\Imperia\Debug\link.read.1.tlog
C:\Users\User\Documents\Visual Studio 2010\Projects\Imperia\Imperia\Debug\link.write.1.tlog
C:\USERS\USER\DOCUMENTS\VISUAL STUDIO 2010\PROJECTS\IMPERIA\IMPERIA\DEBUG\MAIN.OBJ
C:\USERS\USER\DOCUMENTS\VISUAL STUDIO 2010\PROJECTS\IMPERIA\IMPERIA\DEBUG\METEORS.OBJ
C:\Users\User\Documents\Visual Studio 2010\Projects\Imperia\Imperia\Debug\mt.command.1.tlog
C:\Users\User\Documents\Visual Studio 2010\Projects\Imperia\Imperia\Debug\mt.read.1.tlog
C:\Users\User\Documents\Visual Studio 2010\Projects\Imperia\Imperia\Debug\mt.write.1.tlog
C:\USERS\USER\DOCUMENTS\VISUAL STUDIO 2010\PROJECTS\IMPERIA\IMPERIA\DEBUG\PLAYER.OBJ
C:\Users\User\Documents\Visual Studio 2010\Projects\Imperia\Imperia\Debug\vc100.idb
C:\USERS\USER\DOCUMENTS\VISUAL STUDIO 2010\PROJECTS\IMPERIA\IMPERIA\DEBUG\VC100.PDB
